#
# A fatal error has been detected by the Java Runtime Environment:
#
#  SIGILL (0x4) at pc=0x00007f54cd2fe6f0, pid=26417, tid=0x00007f5445bdd700
#
# JRE version: OpenJDK Runtime Environment (8.0_152-b01) (build 1.8.0_152-release-1248-b01)
# Java VM: OpenJDK 64-Bit Server VM (25.152-b01 mixed mode linux-amd64 compressed oops)
# Problematic frame:
# J 6336 C1 org.gradle.internal.logging.progress.DefaultProgressLoggerFactory.newOperation(Ljava/lang/Class;Lorg/gradle/internal/operations/BuildOperationDescriptor;)Lorg/gradle/internal/logging/progress/ProgressLogger; (86 bytes) @ 0x00007f54cd2fe6f0 [0x00007f54cd2fde80+0x870]
#
# Failed to write core dump. Core dumps have been disabled. To enable core dumping, try "ulimit -c unlimited" before starting Java again
#
# If you would like to submit a bug report, please visit:
#   http://bugreport.java.com/bugreport/crash.jsp
#

---------------  T H R E A D  ---------------

Current thread (0x00007f5470cbe800):  JavaThread "ForkJoinPool.commonPool-worker-1" daemon [_thread_in_Java, id=26464, stack(0x00007f5445add000,0x00007f5445bde000)]

siginfo: si_signo: 4 (SIGILL), si_code: 2 (ILL_ILLOPN), si_addr: 0x00007f54cd2fe6f0

Registers:
RAX=0x00000000ffffe3a8, RBX=0x0000000000000000, RCX=0x0000000000000032, RDX=0x00000000e0905298
RSP=0x00007f5445bdc008, RBP=0x00007f5445bdc300, RSI=0x00000000a2616e18, RDI=0x00000000e0905298
R8 =0x000000000000001e, R9 =0x0000000000000032, R10=0x0000000000000050, R11=0x00000000e0905298
R12=0x0000000000000000, R13=0x00007f54dfc6a000, R14=0x00007f5445bdc380, R15=0x00007f5470cbe800
RIP=0x00007f54cd2fe6f0, EFLAGS=0x0000000000010202, CSGSFS=0x002b000000000033, ERR=0x0000000000000000
  TRAPNO=0x0000000000000006

Top of Stack: (sp=0x00007f5445bdc008)
0x00007f5445bdc008:   00007f54ce3701d8 ffffffffffffffff
0x00007f5445bdc018:   00007f544568e3a8 0000000000000000
0x00007f5445bdc028:   00007f54ce6c1440 00000000a3785758
0x00007f5445bdc038:   00000000e0905298 00007f54456923d8
0x00007f5445bdc048:   00000000e0905298 00000000e0905298
0x00007f5445bdc058:   00007f5445bdc080 0000000000000000
0x00007f5445bdc068:   00000000a2616d10 00000000003339bc
0x00007f5445bdc078:   0000000000000108 00007f5445bdc300
0x00007f5445bdc088:   00007f54ce5f3e7c ffffffff00000000
0x00007f5445bdc098:   00007f54456923d8 00000000e09050c0
0x00007f5445bdc0a8:   00000000a3b60d20 00007f5445bdc300
0x00007f5445bdc0b8:   00007f54ce608734 00007f5445bdc1e0
0x00007f5445bdc0c8:   00007f54dc056e60 00007f5445bdc160
0x00007f5445bdc0d8:   00007f54e1af680b 0000000000000000
0x00007f5445bdc0e8:   0000000000000000 00007f5470cbe800
0x00007f5445bdc0f8:   00007f5445bdc380 00007f5445bdc2a0
0x00007f5445bdc108:   0000000000000000 00007f54cd690180
0x00007f5445bdc118:   00007f54e20bc760 0000000000000050
0x00007f5445bdc128:   00000000a2616d10 00000000e0905298
0x00007f5445bdc138:   00000000a3c4a168 0000000000000000
0x00007f5445bdc148:   00007f5445bdc170 00007f544562fdb8
0x00007f5445bdc158:   00000000a2616d10 00000000003339bc
0x00007f5445bdc168:   0000000000000000 00007f5445bdc300
0x00007f5445bdc178:   00007f54cd690724 ffffffffffffffff
0x00007f5445bdc188:   00007f544562fdb8 00000000e0521090
0x00007f5445bdc198:   00000000f666a348 00007f5445bdc1a0
0x00007f5445bdc1a8:   00007f5445691cb7 00007f5445bdc208
0x00007f5445bdc1b8:   00007f5445bdc1e0 00007f544573c3a8
0x00007f5445bdc1c8:   0000000000000000 00007f544562f418
0x00007f5445bdc1d8:   00007f5470cbe800 00007f544562f418
0x00007f5445bdc1e8:   00007f5470cbe800 00007f5445bdc2c0
0x00007f5445bdc1f8:   00007f54cd021995 00007f54cd005310 

Instructions: (pc=0x00007f54cd2fe6f0)
0x00007f54cd2fe6d0:   00 00 00 00 00 00 4d 89 97 90 02 00 00 49 ba 00
0x00007f54cd2fe6e0:   00 00 00 00 00 00 00 4d 89 97 98 02 00 00 48 81
0x00007f54cd2fe6f0:   c4 b0 00 00 00 5d e9 25 dd d6 ff f4 f4 f4 f4 f4
0x00007f54cd2fe700:   90 90 90 90 90 48 bb b0 59 d5 bc 54 7f 00 00 e9 

Register to memory mapping:

RAX=0x00000000ffffe3a8 is an oop
